
timing -sethld -v 10 -u 10 -endpoints 10 -nperend 1 -sp High-Performance_1.2V -hsp m   -pwrprd -html -rpt "fft_ramdq_fftfull.twr" "fft_ramdq_fftfull.udb" 
timing -sethld -v 10 -u 10 -endpoints 10 -nperend 1 -sp High-Performance_1.2V -hsp m -pwrprd -html -rpt fft_ramdq_fftfull.twr fft_ramdq_fftfull.udb -gui -msgset C:/Users/User/Desktop/Engr 155/e155-final-project/fpga/radiant_project/fft_ramdq/promote.xml
Starting design reading...
Loading device for application GENERIC from file 'itpa08.nph' in environment: C:/lscc/radiant/2025.1/ispfpga.
Package Status:                     Preliminary    Version 1.5.
Performance Hardware Data Status:   Advanced       Version 1.0.
Loading udb::Database ...
Design:  fftfull
Family:  iCE40UP
Device:  iCE40UP5K
Package: SG48
Performance Grade:   High-Performance_1.2V



Successfully loading udb, 0.08 seconds

Initializing timer
Starting design annotation....
High-Performance_1.2V

Starting full timing analysis...
Performance Hardware Data Status:   Advanced       Version 1.0.
Connections ignored  147  counted  4020  covered  0
Changing speed to m;   changing temperature to -40

STA Runtime and Peak Memory Usage :
Total CPU Time: 2 secs 
Total REAL Time: 3 secs 
Peak Memory Usage: 116 MB

 2.890142s wall, 2.656250s user + 0.109375s system = 2.765625s CPU (95.7%)

