
                         Lattice Mapping Report File

Design:  fftfull
Family:  iCE40UP
Device:  iCE40UP5K
Package: SG48
Performance Grade:  High-Performance_1.2V

Mapper:    version Radiant Software (64-bit) 2025.1.0.39.0
Mapped on: Mon Nov 17 23:15:59 2025

Design Information
------------------

Command line:   map -i fft_ramdq_fftfull_syn.udb -o fft_ramdq_fftfull_map.udb
     -mp fft_ramdq_fftfull.mrp -hierrpt -gui -msgset C:/Users/User/Desktop/Engr
     155/e155-final-project/fpga/radiant_project/fft_ramdq/promote.xml

Design Summary
--------------

   Number of slice registers: 222 out of  5280 (4%)
   Number of I/O registers:      0 out of   117 (0%)
   Number of LUT4s:           995 out of  5280 (19%)
      Number of logic LUT4s:             706
      Number of inserted feedthru LUT4s:  11
      Number of ripple logic:            139 (278 LUT4s)
   Number of IO sites used:   30 out of 39 (77%)
      Number of IO sites used for general PIO: 30
      Number of IO sites used for I3C: 0 out of 2 (0%)
      (note: If I3C is not used, its site can be used as general PIO)
      Number of IO sites used for PIO+I3C: 30 out of 36 (83%)
      Number of IO sites used for OD+RGB IO buffers: 0 out of 3 (0%)
      (note: If RGB LED drivers are not used, sites can be used as OD outputs,
       see TN1288 iCE40 LED Driver Usage Guide)
      Number of IO sites used for PIO+I3C+OD+RGB: 30 out of 39 (77%)
   Number of DSPs:             6 out of 8 (75%)
   Number of I2Cs:             0 out of 2 (0%)
   Number of High Speed OSCs:  0 out of 1 (0%)
   Number of Low Speed OSCs:   0 out of 1 (0%)
   Number of RGB PWM:          0 out of 1 (0%)
   Number of RGB Drivers:      0 out of 1 (0%)
   Number of SCL FILTERs:      0 out of 2 (0%)
   Number of SRAMs:            0 out of 4 (0%)
   Number of WARMBOOTs:        0 out of 1 (0%)
   Number of SPIs:             0 out of 2 (0%)
   Number of EBRs:             16 out of 30 (53%)
   Number of PLLs:             0 out of 1 (0%)
   Number of Clocks:  1
      Net clk_c: 235 loads, 235 rising, 0 falling (Driver: Port clk)
   Number of Clock Enables:  12
      Pin reset: 32 loads, 0 SLICEs (Net: reset_c)
      Net n3240: 16 loads, 16 SLICEs
      Net n3217: 5 loads, 5 SLICEs
      Net fft.iCE40UP.rd_data_corr_w_0__N_1719: 8 loads, 0 SLICEs
      Net fft.mem_write1: 8 loads, 0 SLICEs
      Net fft.mem_write0: 8 loads, 0 SLICEs
      Net fft.iCE40UP.rd_data_corr_w_0__N_1655: 8 loads, 0 SLICEs
      Net fft.addctrl_inst.n2893: 1 loads, 1 SLICEs
      Net fft.addctrl_inst.addgen.n3225: 5 loads, 5 SLICEs
      Net fft.addctrl_inst.addgen.n3248: 9 loads, 9 SLICEs

                                    Page 1





Design Summary (cont)
---------------------
      Net n3265: 9 loads, 9 SLICEs
      Net n3208: 9 loads, 9 SLICEs
   Number of LSRs:  1
      Net n1322: 54 loads, 54 SLICEs
   Top 10 highest fanout non-clock nets:
      Net fft.read_sel: 226 loads
      Net reset_c: 152 loads
      Net fft_load_c: 100 loads
      Net n1322: 54 loads
      Net frequency[4]: 27 loads
      Net frequency[6]: 27 loads
      Net frequency[5]: 26 loads
      Net frequency[7]: 25 loads
      Net frequency[3]: 23 loads
      Net fft.addctrl_inst.r1_add_a_0__N_95: 22 loads





   Number of warnings:  0
   Number of criticals: 0
   Number of errors:    0

Design Errors/Criticals/Warnings
--------------------------------

   No error, critical, or warning presents.

IO (PIO) Attributes
-------------------

+---------------------+-----------+-----------+-------+-------+-----------+
| IO Name             | Direction | Levelmode |  IO   |  IO   | Special   |
|                     |           |  IO_TYPE  |  REG  |  DDR  | IO Buffer |
+---------------------+-----------+-----------+-------+-------+-----------+
| noted               | OUTPUT    |           |       |       |           |
+---------------------+-----------+-----------+-------+-------+-----------+
| add_rd[0]           | INPUT     |           |       |       |           |
+---------------------+-----------+-----------+-------+-------+-----------+
| add_rd[1]           | INPUT     |           |       |       |           |
+---------------------+-----------+-----------+-------+-------+-----------+
| add_rd[2]           | INPUT     |           |       |       |           |
+---------------------+-----------+-----------+-------+-------+-----------+
| add_rd[3]           | INPUT     |           |       |       |           |
+---------------------+-----------+-----------+-------+-------+-----------+
| add_rd[4]           | INPUT     |           |       |       |           |
+---------------------+-----------+-----------+-------+-------+-----------+
| add_rd[5]           | INPUT     |           |       |       |           |
+---------------------+-----------+-----------+-------+-------+-----------+
| add_rd[6]           | INPUT     |           |       |       |           |
+---------------------+-----------+-----------+-------+-------+-----------+
| add_rd[7]           | INPUT     |           |       |       |           |
+---------------------+-----------+-----------+-------+-------+-----------+
| add_rd[8]           | INPUT     |           |       |       |           |
+---------------------+-----------+-----------+-------+-------+-----------+
| din[0]              | INPUT     |           |       |       |           |
+---------------------+-----------+-----------+-------+-------+-----------+

                                    Page 2





IO (PIO) Attributes (cont)
--------------------------
| din[1]              | INPUT     |           |       |       |           |
+---------------------+-----------+-----------+-------+-------+-----------+
| din[2]              | INPUT     |           |       |       |           |
+---------------------+-----------+-----------+-------+-------+-----------+
| din[3]              | INPUT     |           |       |       |           |
+---------------------+-----------+-----------+-------+-------+-----------+
| din[4]              | INPUT     |           |       |       |           |
+---------------------+-----------+-----------+-------+-------+-----------+
| din[5]              | INPUT     |           |       |       |           |
+---------------------+-----------+-----------+-------+-------+-----------+
| din[6]              | INPUT     |           |       |       |           |
+---------------------+-----------+-----------+-------+-------+-----------+
| din[7]              | INPUT     |           |       |       |           |
+---------------------+-----------+-----------+-------+-------+-----------+
| din[8]              | INPUT     |           |       |       |           |
+---------------------+-----------+-----------+-------+-------+-----------+
| din[9]              | INPUT     |           |       |       |           |
+---------------------+-----------+-----------+-------+-------+-----------+
| din[10]             | INPUT     |           |       |       |           |
+---------------------+-----------+-----------+-------+-------+-----------+
| din[11]             | INPUT     |           |       |       |           |
+---------------------+-----------+-----------+-------+-------+-----------+
| din[12]             | INPUT     |           |       |       |           |
+---------------------+-----------+-----------+-------+-------+-----------+
| din[13]             | INPUT     |           |       |       |           |
+---------------------+-----------+-----------+-------+-------+-----------+
| din[14]             | INPUT     |           |       |       |           |
+---------------------+-----------+-----------+-------+-------+-----------+
| din[15]             | INPUT     |           |       |       |           |
+---------------------+-----------+-----------+-------+-------+-----------+
| fft_start           | INPUT     |           |       |       |           |
+---------------------+-----------+-----------+-------+-------+-----------+
| fft_load            | INPUT     |           |       |       |           |
+---------------------+-----------+-----------+-------+-------+-----------+
| reset               | INPUT     |           |       |       |           |
+---------------------+-----------+-----------+-------+-------+-----------+
| clk                 | INPUT     |           |       |       |           |
+---------------------+-----------+-----------+-------+-------+-----------+

Removed logic
-------------

Block add_bitrev_pad[8].vlo_inst was optimized away.

ASIC Components
---------------

Instance Name: fft/ram1_b/lscc_ram_dq_inst/mem_main/inst0/PRIM_MODE.xADDR[0].xDA
     TA[3].no_mem_file.mem0/iCE40UP.sp4k
         Type: EBR
Instance Name: fft/ram1_b/lscc_ram_dq_inst/mem_main/inst0/PRIM_MODE.xADDR[0].xDA
     TA[2].no_mem_file.mem0/iCE40UP.sp4k
         Type: EBR
Instance Name: fft/ram1_b/lscc_ram_dq_inst/mem_main/inst0/PRIM_MODE.xADDR[0].xDA
     TA[1].no_mem_file.mem0/iCE40UP.sp4k
         Type: EBR
Instance Name: fft/ram1_b/lscc_ram_dq_inst/mem_main/inst0/PRIM_MODE.xADDR[0].xDA

                                    Page 3





ASIC Components (cont)
----------------------
     TA[0].no_mem_file.mem0/iCE40UP.sp4k
         Type: EBR
Instance Name: fft/ram1_a/lscc_ram_dq_inst/mem_main/inst0/PRIM_MODE.xADDR[0].xDA
     TA[3].no_mem_file.mem0/iCE40UP.sp4k
         Type: EBR
Instance Name: fft/ram1_a/lscc_ram_dq_inst/mem_main/inst0/PRIM_MODE.xADDR[0].xDA
     TA[2].no_mem_file.mem0/iCE40UP.sp4k
         Type: EBR
Instance Name: fft/ram1_a/lscc_ram_dq_inst/mem_main/inst0/PRIM_MODE.xADDR[0].xDA
     TA[1].no_mem_file.mem0/iCE40UP.sp4k
         Type: EBR
Instance Name: fft/ram1_a/lscc_ram_dq_inst/mem_main/inst0/PRIM_MODE.xADDR[0].xDA
     TA[0].no_mem_file.mem0/iCE40UP.sp4k
         Type: EBR
Instance Name: fft/ram0_b/lscc_ram_dq_inst/mem_main/inst0/PRIM_MODE.xADDR[0].xDA
     TA[3].no_mem_file.mem0/iCE40UP.sp4k
         Type: EBR
Instance Name: fft/ram0_b/lscc_ram_dq_inst/mem_main/inst0/PRIM_MODE.xADDR[0].xDA
     TA[2].no_mem_file.mem0/iCE40UP.sp4k
         Type: EBR
Instance Name: fft/ram0_b/lscc_ram_dq_inst/mem_main/inst0/PRIM_MODE.xADDR[0].xDA
     TA[1].no_mem_file.mem0/iCE40UP.sp4k
         Type: EBR
Instance Name: fft/ram0_b/lscc_ram_dq_inst/mem_main/inst0/PRIM_MODE.xADDR[0].xDA
     TA[0].no_mem_file.mem0/iCE40UP.sp4k
         Type: EBR
Instance Name: fft/ram0_a/lscc_ram_dq_inst/mem_main/inst0/PRIM_MODE.xADDR[0].xDA
     TA[3].no_mem_file.mem0/iCE40UP.sp4k
         Type: EBR
Instance Name: fft/ram0_a/lscc_ram_dq_inst/mem_main/inst0/PRIM_MODE.xADDR[0].xDA
     TA[2].no_mem_file.mem0/iCE40UP.sp4k
         Type: EBR
Instance Name: fft/ram0_a/lscc_ram_dq_inst/mem_main/inst0/PRIM_MODE.xADDR[0].xDA
     TA[1].no_mem_file.mem0/iCE40UP.sp4k
         Type: EBR
Instance Name: fft/ram0_a/lscc_ram_dq_inst/mem_main/inst0/PRIM_MODE.xADDR[0].xDA
     TA[0].no_mem_file.mem0/iCE40UP.sp4k
         Type: EBR
Instance Name: fft/butterfly_inst/tw_mult/mult4/img_b_0__I_0
         Type: DSP
Instance Name: fft/butterfly_inst/tw_mult/mult2/real_b_0__I_0
         Type: DSP
Instance Name: fft/butterfly_inst/tw_mult/mult1/real_b_0__I_0_2
         Type: DSP
Instance Name: fftdec/mult_13
         Type: DSP
Instance Name: fftdec/mag_real/dout_16__I_0
         Type: DSP
Instance Name: fftdec/mag_img/dout_0__I_0
         Type: DSP

Constraint Summary
------------------

   Total number of constraints: 1
   Total number of constraints dropped: 0


                                    Page 4





Run Time and Memory Usage
-------------------------

   Total CPU Time: 0 secs
   Total REAL Time: 0 secs
   Peak Memory Usage: 80 MB
Checksum -- map: 1d51db9b7054eef85cb293e9988731779c6bc504





















































                                    Page 5


Copyright (c) 1991-1994 by NeoCAD Inc. All rights reserved.
Copyright (c) 1995
     AT&T Corp.   All rights reserved.
Copyright (c) 1995-2001 Lucent
     Technologies Inc.  All rights reserved.
Copyright (c) 2001 Agere Systems
     All rights reserved.
Copyright (c) 2002-2025 Lattice Semiconductor
     Corporation,  All rights reserved.
